<?xml version="1.0" encoding="UTF-8"?>
<!-- Generated by org.testng.reporters.JUnitReportReporter -->
<testsuite skipped="0" hostname="DESKTOP-GRA74S4" name="com.learnautomation.testcases.LoginTestCRM" tests="1" failures="0" timestamp="01 Mar 2023 16:09:33 GMT" time="10.449" errors="0">
  <testcase name="loginApp" time="10.449" classname="com.learnautomation.testcases.LoginTestCRM"/>
</testsuite> <!-- com.learnautomation.testcases.LoginTestCRM -->
